This is pdfTeX, Version 3.1415926-2.3-1.40.12 (MiKTeX 2.9) (preloaded format=pdflatex 2018.8.22)  9 OCT 2018 16:37
entering extended mode
**lab.tex
(C:\Users\Administrator\Desktop\lab\lab5\lab.tex
LaTeX2e <2011/06/27>
Babel <v3.8m> and hyphenation patterns for loaded.
(D:\è½¯ä»¶å¤¹\CTEX\MiKTeX\tex\latex\base\article.cls
Document Class: article 2007/10/19 v1.4h Standard LaTeX document class
(D:\è½¯ä»¶å¤¹\CTEX\MiKTeX\tex\latex\base\size12.clo
File: size12.clo 2007/10/19 v1.4h Standard LaTeX file (size option)
)
\c@part=\count79
\c@section=\count80
\c@subsection=\count81
\c@subsubsection=\count82
\c@paragraph=\count83
\c@subparagraph=\count84
\c@figure=\count85
\c@table=\count86
\abovecaptionskip=\skip41
\belowcaptionskip=\skip42
\bibindent=\dimen102
)
(D:\è½¯ä»¶å¤¹\CTEX\MiKTeX\tex\latex\tools\longtable.sty
Package: longtable 2004/02/01 v4.11 Multi-page Table package (DPC)
\LTleft=\skip43
\LTright=\skip44
\LTpre=\skip45
\LTpost=\skip46
\LTchunksize=\count87
\LTcapwidth=\dimen103
\LT@head=\box26
\LT@firsthead=\box27
\LT@foot=\box28
\LT@lastfoot=\box29
\LT@cols=\count88
\LT@rows=\count89
\c@LT@tables=\count90
\c@LT@chunks=\count91
\LT@p@ftn=\toks14
)
(C:\Users\Administrator\Desktop\lab\lab5\lab.aux)
LaTeX Font Info:    Checking defaults for OML/cmm/m/it on input line 4.
LaTeX Font Info:    ... okay on input line 4.
LaTeX Font Info:    Checking defaults for T1/cmr/m/n on input line 4.
LaTeX Font Info:    ... okay on input line 4.
LaTeX Font Info:    Checking defaults for OT1/cmr/m/n on input line 4.
LaTeX Font Info:    ... okay on input line 4.
LaTeX Font Info:    Checking defaults for OMS/cmsy/m/n on input line 4.
LaTeX Font Info:    ... okay on input line 4.
LaTeX Font Info:    Checking defaults for OMX/cmex/m/n on input line 4.
LaTeX Font Info:    ... okay on input line 4.
LaTeX Font Info:    Checking defaults for U/cmr/m/n on input line 4.
LaTeX Font Info:    ... okay on input line 4.
LaTeX Font Info:    External font `cmex10' loaded for size
(Font)              <12> on input line 12.
LaTeX Font Info:    External font `cmex10' loaded for size
(Font)              <8> on input line 12.
LaTeX Font Info:    External font `cmex10' loaded for size
(Font)              <6> on input line 12.

Overfull \hbox (122.07256pt too wide) in alignment at lines 6--14
 [] [] [] [] [] [] [] [] [] [] 
 []


Overfull \hbox (122.07256pt too wide) in alignment at lines 14--20
 [] [] [] [] [] [] [] [] [] [] 
 []


Overfull \hbox (122.07256pt too wide) in alignment at lines 20--24
 [] [] [] [] [] [] [] [] [] [] 
 []

Missing character: There is no Ã in font cmr12!
Missing character: There is no ¨ in font cmr12!

Overfull \hbox (122.07256pt too wide) in alignment at lines 24--31
 [] [] [] [] [] [] [] [] [] [] 
 []

[1

{D:/è½¯ä»¶å¤¹/CTEX/UserData/pdftex/config/pdftex.map{Unicode.sfd}{UGBK.sfd}}] (
C:\Users\Administrator\Desktop\lab\lab5\lab.aux) ) 
Here is how much of TeX's memory you used:
 320 strings out of 495354
 3630 string characters out of 3183299
 53342 words of memory out of 3000000
 3560 multiletter control sequences out of 15000+200000
 6376 words of font info for 23 fonts, out of 3000000 for 9000
 14 hyphenation exceptions out of 8191
 22i,6n,19p,162b,169s stack positions out of 5000i,500n,10000p,200000b,50000s
<D:/è½¯ä»¶å¤¹/CTEX/MiKTeX/fon
ts/type1/public/amsfonts/cm/cmmi12.pfb><D:/è½¯ä»¶å¤¹/CTEX/MiKTeX/fonts/type1/pu
blic/amsfonts/cm/cmmi8.pfb><D:/è½¯ä»¶å¤¹/CTEX/MiKTeX/fonts/type1/public/amsfont
s/cm/cmr12.pfb><D:/è½¯ä»¶å¤¹/CTEX/MiKTeX/fonts/type1/public/amsfonts/cm/cmr8.pf
b>
Output written on lab.pdf (1 page, 41174 bytes).
PDF statistics:
 22 PDF objects out of 1000 (max. 8388607)
 0 named destinations out of 1000 (max. 500000)
 1 words of extra memory for PDF output out of 10000 (max. 10000000)

