This is pdfTeX, Version 3.1415926-2.3-1.40.12 (MiKTeX 2.9) (preloaded format=pdflatex 2018.8.22)  11 OCT 2018 19:44
entering extended mode
**lab7.tex
(C:\Users\Administrator\Desktop\lab\lab7\lab7.tex
LaTeX2e <2011/06/27>
Babel <v3.8m> and hyphenation patterns for loaded.
(D:\软件夹\CTEX\MiKTeX\tex\latex\base\article.cls
Document Class: article 2007/10/19 v1.4h Standard LaTeX document class
(D:\软件夹\CTEX\MiKTeX\tex\latex\base\size10.clo
File: size10.clo 2007/10/19 v1.4h Standard LaTeX file (size option)
)
\c@part=\count79
\c@section=\count80
\c@subsection=\count81
\c@subsubsection=\count82
\c@paragraph=\count83
\c@subparagraph=\count84
\c@figure=\count85
\c@table=\count86
\abovecaptionskip=\skip41
\belowcaptionskip=\skip42
\bibindent=\dimen102
)
(D:\软件夹\CTEX\MiKTeX\tex\latex\cite\cite.sty
LaTeX Info: Redefining \cite on input line 302.
LaTeX Info: Redefining \nocite on input line 373.
Package: cite 2010/09/10  v 5.3
)
(D:\软件夹\CTEX\MiKTeX\tex\latex\ams\math\amsmath.sty
Package: amsmath 2000/07/18 v2.13 AMS math features
\@mathmargin=\skip43

For additional information on amsmath, use the `?' option.
(D:\软件夹\CTEX\MiKTeX\tex\latex\ams\math\amstext.sty
Package: amstext 2000/06/29 v2.01

(D:\软件夹\CTEX\MiKTeX\tex\latex\ams\math\amsgen.sty
File: amsgen.sty 1999/11/30 v2.0
\@emptytoks=\toks14
\ex@=\dimen103
))
(D:\软件夹\CTEX\MiKTeX\tex\latex\ams\math\amsbsy.sty
Package: amsbsy 1999/11/29 v1.2d
\pmbraise@=\dimen104
)
(D:\软件夹\CTEX\MiKTeX\tex\latex\ams\math\amsopn.sty
Package: amsopn 1999/12/14 v2.01 operator names
)
\inf@bad=\count87
LaTeX Info: Redefining \frac on input line 211.
\uproot@=\count88
\leftroot@=\count89
LaTeX Info: Redefining \overline on input line 307.
\classnum@=\count90
\DOTSCASE@=\count91
LaTeX Info: Redefining \ldots on input line 379.
LaTeX Info: Redefining \dots on input line 382.
LaTeX Info: Redefining \cdots on input line 467.
\Mathstrutbox@=\box26
\strutbox@=\box27
\big@size=\dimen105
LaTeX Font Info:    Redeclaring font encoding OML on input line 567.
LaTeX Font Info:    Redeclaring font encoding OMS on input line 568.
\macc@depth=\count92
\c@MaxMatrixCols=\count93
\dotsspace@=\muskip10
\c@parentequation=\count94
\dspbrk@lvl=\count95
\tag@help=\toks15
\row@=\count96
\column@=\count97
\maxfields@=\count98
\andhelp@=\toks16
\eqnshift@=\dimen106
\alignsep@=\dimen107
\tagshift@=\dimen108
\tagwidth@=\dimen109
\totwidth@=\dimen110
\lineht@=\dimen111
\@envbody=\toks17
\multlinegap=\skip44
\multlinetaggap=\skip45
\mathdisplay@stack=\toks18
LaTeX Info: Redefining \[ on input line 2666.
LaTeX Info: Redefining \] on input line 2667.
)
(D:\软件夹\CTEX\MiKTeX\tex\latex\amsfonts\amsfonts.sty
Package: amsfonts 2009/06/22 v3.00 Basic AMSFonts support
\symAMSa=\mathgroup4
\symAMSb=\mathgroup5
LaTeX Font Info:    Overwriting math alphabet `\mathfrak' in version `bold'
(Font)                  U/euf/m/n --> U/euf/b/n on input line 96.
)
(D:\软件夹\CTEX\MiKTeX\tex\latex\amsfonts\amssymb.sty
Package: amssymb 2009/06/22 v3.00
)
(C:\Users\Administrator\Desktop\lab\lab7\lab7.aux)
LaTeX Font Info:    Checking defaults for OML/cmm/m/it on input line 6.
LaTeX Font Info:    ... okay on input line 6.
LaTeX Font Info:    Checking defaults for T1/cmr/m/n on input line 6.
LaTeX Font Info:    ... okay on input line 6.
LaTeX Font Info:    Checking defaults for OT1/cmr/m/n on input line 6.
LaTeX Font Info:    ... okay on input line 6.
LaTeX Font Info:    Checking defaults for OMS/cmsy/m/n on input line 6.
LaTeX Font Info:    ... okay on input line 6.
LaTeX Font Info:    Checking defaults for OMX/cmex/m/n on input line 6.
LaTeX Font Info:    ... okay on input line 6.
LaTeX Font Info:    Checking defaults for U/cmr/m/n on input line 6.
LaTeX Font Info:    ... okay on input line 6.
LaTeX Font Info:    Try loading font information for U+msa on input line 8.

(D:\软件夹\CTEX\MiKTeX\tex\latex\amsfonts\umsa.fd
File: umsa.fd 2009/06/22 v3.00 AMS symbols A
)
LaTeX Font Info:    Try loading font information for U+msb on input line 8.

(D:\软件夹\CTEX\MiKTeX\tex\latex\amsfonts\umsb.fd
File: umsb.fd 2009/06/22 v3.00 AMS symbols B
)
Overfull \hbox (41.76917pt too wide) in paragraph at lines 35--74
 [][] 
 []


Overfull \hbox (91.16743pt too wide) in paragraph at lines 77--83
\OT1/cmr/m/n/10 aaaaaaaaaaaaaaaaaasssssssssssssssssssssssssdddddddddddddddddaaa
aaaaaaaaaaaaaaassssssssssssssss
 []


Overfull \hbox (128.00098pt too wide) in paragraph at lines 77--83
\OT1/cmr/m/n/10 sssssssss-d-ddddddddddddddddaaaaaaaaaaaaaaaaaasssssssssssssssss
ssssssssdddddddddddddddddaaaaaaaaaaaa
 []


Overfull \hbox (138.88968pt too wide) in paragraph at lines 77--83
\OT1/cmr/m/n/10 aaaaaasssssssssssssssssssssssss-d-ddddddddddddddddaaaaaaaaaaaaa
aaaaasssssssssssssssssssssssssddddddddddddd
 []


Overfull \hbox (141.00082pt too wide) in paragraph at lines 77--83
\OT1/cmr/m/n/10 d-dddaaaaaaaaaaaaaaaaaasssssssssssssssssssssssss-d-dddddddddddd
ddddaaaaaaaaaaaaaaaaaasssssssssssssssssssssss
 []


Overfull \hbox (173.77884pt too wide) in paragraph at lines 77--83
\OT1/cmr/m/n/10 ss-d-ddddddddddddddddaaaaaaaaaaaaaaaaaassssssssssssssssssssssss
s-dddddddddddddddddaaaaaaaaaaaaaaaaaasssssssssss
 []


Overfull \hbox (87.723pt too wide) in paragraph at lines 77--83
\OT1/cmr/m/n/10 ssssssssssssss-d-ddddddddddddddddaaaaaaaaaaaaaaaaaassssssssssss
sssssssssssssddddddddddddddddd 
 []

[1

{D:/软件夹/CTEX/UserData/pdftex/config/pdftex.map{Unicode.sfd}{UGBK.sfd}}] [
2] (C:\Users\Administrator\Desktop\lab\lab7\lab7.aux) ) 
Here is how much of TeX's memory you used:
 1191 strings out of 495354
 13352 string characters out of 3183299
 69525 words of memory out of 3000000
 4402 multiletter control sequences out of 15000+200000
 5944 words of font info for 24 fonts, out of 3000000 for 9000
 14 hyphenation exceptions out of 8191
 27i,18n,22p,287b,195s stack positions out of 5000i,500n,10000p,200000b,50000s
<D:/软件夹/CTEX/MiKTe
X/fonts/type1/public/amsfonts/cm/cmbx12.pfb><D:/软件夹/CTEX/MiKTeX/fonts/typ
e1/public/amsfonts/cm/cmex10.pfb><D:/软件夹/CTEX/MiKTeX/fonts/type1/public/a
msfonts/cm/cmmi10.pfb><D:/软件夹/CTEX/MiKTeX/fonts/type1/public/amsfonts/cm/
cmmi5.pfb><D:/软件夹/CTEX/MiKTeX/fonts/type1/public/amsfonts/cm/cmmi7.pfb><D
:/软件夹/CTEX/MiKTeX/fonts/type1/public/amsfonts/cm/cmr10.pfb><D:/软件夹/
CTEX/MiKTeX/fonts/type1/public/amsfonts/cm/cmr7.pfb><D:/软件夹/CTEX/MiKTeX/f
onts/type1/public/amsfonts/cm/cmsy10.pfb><D:/软件夹/CTEX/MiKTeX/fonts/type1/
public/amsfonts/cm/cmsy5.pfb><D:/软件夹/CTEX/MiKTeX/fonts/type1/public/amsfo
nts/cm/cmsy7.pfb><D:/软件夹/CTEX/MiKTeX/fonts/type1/public/amsfonts/symbols/
msam10.pfb><D:/软件夹/CTEX/MiKTeX/fonts/type1/public/amsfonts/symbols/msbm10
.pfb>
Output written on lab7.pdf (2 pages, 123230 bytes).
PDF statistics:
 57 PDF objects out of 1000 (max. 8388607)
 0 named destinations out of 1000 (max. 500000)
 1 words of extra memory for PDF output out of 10000 (max. 10000000)

